# JRE version: OpenJDK Runtime Environment Microsoft-11933218 (21.0.8+9) (build 21.0.8+9-LTS)
# Java VM: OpenJDK 64-Bit Server VM Microsoft-11933218 (21.0.8+9-LTS, mixed mode, sharing, tiered, compressed oops, compressed class ptrs, g1 gc, windows-amd64)
GC Precious Log:
 CardTable entry size: 512
 Card Set container configuration: InlinePtr #cards 5 size 8 Array Of Cards #cards 12 size 40 Howl #buckets 4 coarsen threshold 1843 Howl Bitmap #cards 512 size 80 coarsen threshold 460 Card regions per heap region 1 cards per card region 2048
 CPUs: 16 total, 16 available
 Memory: 16000M
 Large Page Support: Disabled
 NUMA Support: Disabled
 Compressed Oops: Enabled (32-bit)
 Heap Region Size: 1M
 Heap Min Capacity: 256M
 Heap Initial Capacity: 256M
 Heap Max Capacity: 512M
 Pre-touch: Disabled
 Parallel Workers: 13
 Concurrent Workers: 3
 Concurrent Refinement Workers: 13
 Periodic GC: Disabled
Heap:
 garbage-first heap   total 262144K, used 62122K [0x00000000e0000000, 0x0000000100000000)
  region size 1024K, 39 young (39936K), 9 survivors (9216K)
 Metaspace       used 38817K, committed 40192K, reserved 393216K
  class space    used 5605K, committed 6272K, reserved 327680K
GC Heap History (14 events):
Event: 5.311 GC heap before
{Heap before GC invocations=0 (full 0):
 garbage-first heap   total 262144K, used 22528K [0x00000000e0000000, 0x0000000100000000)
  region size 1024K, 23 young (23552K), 0 survivors (0K)
 Metaspace       used 1059K, committed 1152K, reserved 393216K
  class space    used 80K, committed 128K, reserved 327680K
}
Event: 5.467 GC heap after
{Heap after GC invocations=1 (full 0):
 garbage-first heap   total 262144K, used 1717K [0x00000000e0000000, 0x0000000100000000)
  region size 1024K, 2 young (2048K), 2 survivors (2048K)
 Metaspace       used 1059K, committed 1152K, reserved 393216K
  class space    used 80K, committed 128K, reserved 327680K
}
Event: 10.191 GC heap before
{Heap before GC invocations=1 (full 0):
 garbage-first heap   total 262144K, used 40629K [0x00000000e0000000, 0x0000000100000000)
  region size 1024K, 38 young (38912K), 2 survivors (2048K)
 Metaspace       used 4459K, committed 4608K, reserved 393216K
  class space    used 557K, committed 640K, reserved 327680K
}
Event: 10.195 GC heap after
{Heap after GC invocations=2 (full 0):
 garbage-first heap   total 262144K, used 10733K [0x00000000e0000000, 0x0000000100000000)
  region size 1024K, 5 young (5120K), 5 survivors (5120K)
 Metaspace       used 4459K, committed 4608K, reserved 393216K
  class space    used 557K, committed 640K, reserved 327680K
}
Event: 12.624 GC heap before
{Heap before GC invocations=2 (full 0):
 garbage-first heap   total 262144K, used 63981K [0x00000000e0000000, 0x0000000100000000)
  region size 1024K, 55 young (56320K), 5 survivors (5120K)
 Metaspace       used 5730K, committed 6016K, reserved 393216K
  class space    used 766K, committed 896K, reserved 327680K
}
Event: 12.629 GC heap after
{Heap after GC invocations=3 (full 0):
 garbage-first heap   total 262144K, used 17387K [0x00000000e0000000, 0x0000000100000000)
  region size 1024K, 6 young (6144K), 6 survivors (6144K)
 Metaspace       used 5730K, committed 6016K, reserved 393216K
  class space    used 766K, committed 896K, reserved 327680K
}
Event: 86.633 GC heap before
{Heap before GC invocations=3 (full 0):
 garbage-first heap   total 262144K, used 109547K [0x00000000e0000000, 0x0000000100000000)
  region size 1024K, 97 young (99328K), 6 survivors (6144K)
 Metaspace       used 20904K, committed 21504K, reserved 393216K
  class space    used 3012K, committed 3328K, reserved 327680K
}
Event: 86.880 GC heap after
{Heap after GC invocations=4 (full 0):
 garbage-first heap   total 262144K, used 24498K [0x00000000e0000000, 0x0000000100000000)
  region size 1024K, 13 young (13312K), 13 survivors (13312K)
 Metaspace       used 20904K, committed 21504K, reserved 393216K
  class space    used 3012K, committed 3328K, reserved 327680K
}
Event: 103.127 GC heap before
{Heap before GC invocations=5 (full 0):
 garbage-first heap   total 262144K, used 135090K [0x00000000e0000000, 0x0000000100000000)
  region size 1024K, 122 young (124928K), 13 survivors (13312K)
 Metaspace       used 35287K, committed 36288K, reserved 393216K
  class space    used 5021K, committed 5504K, reserved 327680K
}
Event: 103.252 GC heap after
{Heap after GC invocations=6 (full 0):
 garbage-first heap   total 262144K, used 32972K [0x00000000e0000000, 0x0000000100000000)
  region size 1024K, 16 young (16384K), 16 survivors (16384K)
 Metaspace       used 35287K, committed 36288K, reserved 393216K
  class space    used 5021K, committed 5504K, reserved 327680K
}
Event: 104.491 GC heap before
{Heap before GC invocations=6 (full 0):
 garbage-first heap   total 262144K, used 35020K [0x00000000e0000000, 0x0000000100000000)
  region size 1024K, 19 young (19456K), 16 survivors (16384K)
 Metaspace       used 35407K, committed 36480K, reserved 393216K
  class space    used 5028K, committed 5504K, reserved 327680K
}
Event: 104.506 GC heap after
{Heap after GC invocations=7 (full 0):
 garbage-first heap   total 262144K, used 32803K [0x00000000e0000000, 0x0000000100000000)
  region size 1024K, 9 young (9216K), 9 survivors (9216K)
 Metaspace       used 35407K, committed 36480K, reserved 393216K
  class space    used 5028K, committed 5504K, reserved 327680K
}
Event: 104.581 GC heap before
{Heap before GC invocations=7 (full 0):
 garbage-first heap   total 262144K, used 35875K [0x00000000e0000000, 0x0000000100000000)
  region size 1024K, 13 young (13312K), 9 survivors (9216K)
 Metaspace       used 35687K, committed 36800K, reserved 393216K
  class space    used 5082K, committed 5632K, reserved 327680K
}
Event: 104.590 GC heap after
{Heap after GC invocations=8 (full 0):
 garbage-first heap   total 262144K, used 32426K [0x00000000e0000000, 0x0000000100000000)
  region size 1024K, 9 young (9216K), 9 survivors (9216K)
 Metaspace       used 35687K, committed 36800K, reserved 393216K
  class space    used 5082K, committed 5632K, reserved 327680K
}

