# JRE version: OpenJDK Runtime Environment Microsoft-11933218 (21.0.8+9) (build 21.0.8+9-LTS)
# Java VM: OpenJDK 64-Bit Server VM Microsoft-11933218 (21.0.8+9-LTS, mixed mode, sharing, tiered, compressed oops, compressed class ptrs, g1 gc, windows-amd64)
GC Precious Log:
 CardTable entry size: 512
 Card Set container configuration: InlinePtr #cards 5 size 8 Array Of Cards #cards 12 size 40 Howl #buckets 4 coarsen threshold 1843 Howl Bitmap #cards 512 size 80 coarsen threshold 460 Card regions per heap region 1 cards per card region 2048
 CPUs: 16 total, 16 available
 Memory: 16000M
 Large Page Support: Disabled
 NUMA Support: Disabled
 Compressed Oops: Enabled (32-bit)
 Heap Region Size: 1M
 Heap Min Capacity: 256M
 Heap Initial Capacity: 256M
 Heap Max Capacity: 512M
 Pre-touch: Disabled
 Parallel Workers: 13
 Concurrent Workers: 3
 Concurrent Refinement Workers: 13
 Periodic GC: Disabled
Heap:
 garbage-first heap   total 262144K, used 87176K [0x00000000e0000000, 0x0000000100000000)
  region size 1024K, 50 young (51200K), 3 survivors (3072K)
 Metaspace       used 44939K, committed 46464K, reserved 393216K
  class space    used 6377K, committed 7104K, reserved 327680K
GC Heap History (14 events):
Event: 0.729 GC heap before
{Heap before GC invocations=0 (full 0):
 garbage-first heap   total 262144K, used 22528K [0x00000000e0000000, 0x0000000100000000)
  region size 1024K, 23 young (23552K), 0 survivors (0K)
 Metaspace       used 1071K, committed 1216K, reserved 393216K
  class space    used 80K, committed 128K, reserved 327680K
}
Event: 0.826 GC heap after
{Heap after GC invocations=1 (full 0):
 garbage-first heap   total 262144K, used 1717K [0x00000000e0000000, 0x0000000100000000)
  region size 1024K, 2 young (2048K), 2 survivors (2048K)
 Metaspace       used 1071K, committed 1216K, reserved 393216K
  class space    used 80K, committed 128K, reserved 327680K
}
Event: 2.389 GC heap before
{Heap before GC invocations=1 (full 0):
 garbage-first heap   total 262144K, used 40629K [0x00000000e0000000, 0x0000000100000000)
  region size 1024K, 38 young (38912K), 2 survivors (2048K)
 Metaspace       used 4480K, committed 4672K, reserved 393216K
  class space    used 559K, committed 640K, reserved 327680K
}
Event: 2.399 GC heap after
{Heap after GC invocations=2 (full 0):
 garbage-first heap   total 262144K, used 11089K [0x00000000e0000000, 0x0000000100000000)
  region size 1024K, 5 young (5120K), 5 survivors (5120K)
 Metaspace       used 4480K, committed 4672K, reserved 393216K
  class space    used 559K, committed 640K, reserved 327680K
}
Event: 4.750 GC heap before
{Heap before GC invocations=2 (full 0):
 garbage-first heap   total 262144K, used 63313K [0x00000000e0000000, 0x0000000100000000)
  region size 1024K, 55 young (56320K), 5 survivors (5120K)
 Metaspace       used 5741K, committed 6016K, reserved 393216K
  class space    used 767K, committed 896K, reserved 327680K
}
Event: 4.794 GC heap after
{Heap after GC invocations=3 (full 0):
 garbage-first heap   total 262144K, used 17157K [0x00000000e0000000, 0x0000000100000000)
  region size 1024K, 6 young (6144K), 6 survivors (6144K)
 Metaspace       used 5741K, committed 6016K, reserved 393216K
  class space    used 767K, committed 896K, reserved 327680K
}
Event: 53.802 GC heap before
{Heap before GC invocations=3 (full 0):
 garbage-first heap   total 262144K, used 108293K [0x00000000e0000000, 0x0000000100000000)
  region size 1024K, 96 young (98304K), 6 survivors (6144K)
 Metaspace       used 20869K, committed 21504K, reserved 393216K
  class space    used 3013K, committed 3328K, reserved 327680K
}
Event: 54.109 GC heap after
{Heap after GC invocations=4 (full 0):
 garbage-first heap   total 262144K, used 23732K [0x00000000e0000000, 0x0000000100000000)
  region size 1024K, 12 young (12288K), 12 survivors (12288K)
 Metaspace       used 20869K, committed 21504K, reserved 393216K
  class space    used 3013K, committed 3328K, reserved 327680K
}
Event: 66.268 GC heap before
{Heap before GC invocations=5 (full 0):
 garbage-first heap   total 262144K, used 56500K [0x00000000e0000000, 0x0000000100000000)
  region size 1024K, 44 young (45056K), 12 survivors (12288K)
 Metaspace       used 25035K, committed 25984K, reserved 393216K
  class space    used 3688K, committed 4160K, reserved 327680K
}
Event: 66.342 GC heap after
{Heap after GC invocations=6 (full 0):
 garbage-first heap   total 262144K, used 26057K [0x00000000e0000000, 0x0000000100000000)
  region size 1024K, 3 young (3072K), 3 survivors (3072K)
 Metaspace       used 25035K, committed 25984K, reserved 393216K
  class space    used 3688K, committed 4160K, reserved 327680K
}
Event: 103.930 GC heap before
{Heap before GC invocations=6 (full 0):
 garbage-first heap   total 262144K, used 100809K [0x00000000e0000000, 0x0000000100000000)
  region size 1024K, 78 young (79872K), 3 survivors (3072K)
 Metaspace       used 35089K, committed 36160K, reserved 393216K
  class space    used 4981K, committed 5504K, reserved 327680K
}
Event: 104.040 GC heap after
{Heap after GC invocations=7 (full 0):
 garbage-first heap   total 262144K, used 32071K [0x00000000e0000000, 0x0000000100000000)
  region size 1024K, 9 young (9216K), 9 survivors (9216K)
 Metaspace       used 35089K, committed 36160K, reserved 393216K
  class space    used 4981K, committed 5504K, reserved 327680K
}
Event: 108.325 GC heap before
{Heap before GC invocations=8 (full 0):
 garbage-first heap   total 262144K, used 62791K [0x00000000e0000000, 0x0000000100000000)
  region size 1024K, 39 young (39936K), 9 survivors (9216K)
 Metaspace       used 38217K, committed 39552K, reserved 393216K
  class space    used 5508K, committed 6144K, reserved 327680K
}
Event: 108.333 GC heap after
{Heap after GC invocations=9 (full 0):
 garbage-first heap   total 262144K, used 33928K [0x00000000e0000000, 0x0000000100000000)
  region size 1024K, 3 young (3072K), 3 survivors (3072K)
 Metaspace       used 38217K, committed 39552K, reserved 393216K
  class space    used 5508K, committed 6144K, reserved 327680K
}

